{"/Users/adarshburma/Desktop/MyApp/lib/tools.js":{"path":"/Users/adarshburma/Desktop/MyApp/lib/tools.js","s":{"1":1,"2":1,"3":1,"4":1,"5":1,"6":1,"7":1,"8":1,"9":1,"10":1,"11":1,"12":1,"13":1,"14":0,"15":1,"16":1},"b":{"1":[0,1]},"f":{"1":1,"2":1,"3":1,"4":1,"5":1,"6":1},"fnMap":{"1":{"name":"(anonymous_1)","line":4,"loc":{"start":{"line":4,"column":13},"end":{"line":4,"column":21}}},"2":{"name":"(anonymous_2)","line":8,"loc":{"start":{"line":8,"column":15},"end":{"line":8,"column":32}}},"3":{"name":"(anonymous_3)","line":13,"loc":{"start":{"line":13,"column":22},"end":{"line":13,"column":35}}},"4":{"name":"(anonymous_4)","line":17,"loc":{"start":{"line":17,"column":26},"end":{"line":17,"column":41}}},"5":{"name":"(anonymous_5)","line":21,"loc":{"start":{"line":21,"column":25},"end":{"line":21,"column":35}}},"6":{"name":"(anonymous_6)","line":23,"loc":{"start":{"line":23,"column":67},"end":{"line":23,"column":80}}}},"statementMap":{"1":{"start":{"line":1,"column":0},"end":{"line":1,"column":29}},"2":{"start":{"line":2,"column":0},"end":{"line":2,"column":23}},"3":{"start":{"line":3,"column":0},"end":{"line":34,"column":1}},"4":{"start":{"line":5,"column":8},"end":{"line":5,"column":57}},"5":{"start":{"line":9,"column":8},"end":{"line":9,"column":26}},"6":{"start":{"line":11,"column":8},"end":{"line":11,"column":77}},"7":{"start":{"line":13,"column":8},"end":{"line":32,"column":11}},"8":{"start":{"line":15,"column":12},"end":{"line":15,"column":37}},"9":{"start":{"line":17,"column":12},"end":{"line":19,"column":15}},"10":{"start":{"line":18,"column":16},"end":{"line":18,"column":38}},"11":{"start":{"line":21,"column":12},"end":{"line":31,"column":15}},"12":{"start":{"line":23,"column":16},"end":{"line":28,"column":19}},"13":{"start":{"line":24,"column":20},"end":{"line":26,"column":21}},"14":{"start":{"line":25,"column":24},"end":{"line":25,"column":34}},"15":{"start":{"line":27,"column":20},"end":{"line":27,"column":51}},"16":{"start":{"line":30,"column":16},"end":{"line":30,"column":39}}},"branchMap":{"1":{"line":24,"type":"if","locations":[{"start":{"line":24,"column":20},"end":{"line":24,"column":20}},{"start":{"line":24,"column":20},"end":{"line":24,"column":20}}]}}}}